
PLAY [collectOsInformation] ***********************************************************************************************************************************************************************************

TASK [getFilesystemInfo] **************************************************************************************************************************************************************************************
changed: [localhost]

TASK [displayFileSystemInfo] **********************************************************************************************************************************************************************************
ok: [localhost] => {
    "msg": {
        "ansible_facts": {
            "discovered_interpreter_python": "/usr/bin/python3"
        },
        "changed": true,
        "cmd": "df -k",
        "delta": "0:00:00.042645",
        "end": "2023-03-29 11:58:43.874393",
        "failed": false,
        "rc": 0,
        "start": "2023-03-29 11:58:43.831748",
        "stderr": "",
        "stderr_lines": [],
        "stdout": "Filesystem     1K-blocks      Used Available Use% Mounted on\nrootfs         247823356 145679860 102143496  59% /\nnone           247823356 145679860 102143496  59% /dev\nnone           247823356 145679860 102143496  59% /run\nnone           247823356 145679860 102143496  59% /run/lock\nnone           247823356 145679860 102143496  59% /run/shm\nnone           247823356 145679860 102143496  59% /run/user\ntmpfs          247823356 145679860 102143496  59% /sys/fs/cgroup\nC:\\            247823356 145679860 102143496  59% /mnt/c",
        "stdout_lines": [
            "Filesystem     1K-blocks      Used Available Use% Mounted on",
            "rootfs         247823356 145679860 102143496  59% /",
            "none           247823356 145679860 102143496  59% /dev",
            "none           247823356 145679860 102143496  59% /run",
            "none           247823356 145679860 102143496  59% /run/lock",
            "none           247823356 145679860 102143496  59% /run/shm",
            "none           247823356 145679860 102143496  59% /run/user",
            "tmpfs          247823356 145679860 102143496  59% /sys/fs/cgroup",
            "C:\\            247823356 145679860 102143496  59% /mnt/c"
        ]
    }
}

TASK [createDynamicList] **************************************************************************************************************************************************************************************
ok: [localhost] => (item=Filesystem     1K-blocks      Used Available Use% Mounted on)
ok: [localhost] => (item=rootfs         247823356 145679860 102143496  59% /)
ok: [localhost] => (item=none           247823356 145679860 102143496  59% /dev)
ok: [localhost] => (item=none           247823356 145679860 102143496  59% /run)
ok: [localhost] => (item=none           247823356 145679860 102143496  59% /run/lock)
ok: [localhost] => (item=none           247823356 145679860 102143496  59% /run/shm)
ok: [localhost] => (item=none           247823356 145679860 102143496  59% /run/user)
ok: [localhost] => (item=tmpfs          247823356 145679860 102143496  59% /sys/fs/cgroup)
ok: [localhost] => (item=C:\            247823356 145679860 102143496  59% /mnt/c)

TASK [displayDynamicList] *************************************************************************************************************************************************************************************
ok: [localhost] => {
    "msg": [
        "Filesystem     1K-blocks      Used Available Use% Mounted on",
        "rootfs         247823356 145679860 102143496  59% /",
        "none           247823356 145679860 102143496  59% /dev",
        "none           247823356 145679860 102143496  59% /run",
        "none           247823356 145679860 102143496  59% /run/lock",
        "none           247823356 145679860 102143496  59% /run/shm",
        "none           247823356 145679860 102143496  59% /run/user",
        "tmpfs          247823356 145679860 102143496  59% /sys/fs/cgroup",
        "C:\\            247823356 145679860 102143496  59% /mnt/c"
    ]
}

TASK [extractFields] ******************************************************************************************************************************************************************************************
ok: [localhost]

TASK [displayExtractedFields] *********************************************************************************************************************************************************************************
ok: [localhost] => {
    "msg": [
        "Filesystem",
        "1K-blocks",
        "Used",
        "Available",
        "Use%",
        "Mounted",
        "on"
    ]
}

TASK [initializeDynamicStructure] *****************************************************************************************************************************************************************************
ok: [localhost]

TASK [displayDynamicStructure] ********************************************************************************************************************************************************************************
ok: [localhost] => {
    "msg": {
        "1K-blocks": "",
        "Available": "",
        "Filesystem": "",
        "Mounted": "",
        "Use%": "",
        "Used": ""
    }
}

TASK [getLengthOfDynamicList] *********************************************************************************************************************************************************************************
ok: [localhost]

TASK [debugLen] ***********************************************************************************************************************************************************************************************
ok: [localhost] => {
    "msg": "number of records in DL: 9"
}

TASK [createFinalDataStructure] *******************************************************************************************************************************************************************************
ok: [localhost] => (item=1)
ok: [localhost] => (item=2)
ok: [localhost] => (item=3)
ok: [localhost] => (item=4)
ok: [localhost] => (item=5)
ok: [localhost] => (item=6)
ok: [localhost] => (item=7)
ok: [localhost] => (item=8)

TASK [displayFinalDataStructure] ******************************************************************************************************************************************************************************
ok: [localhost] => {
    "msg": [
        {
            "1K-blocks": 247823356,
            "Available": 102143496,
            "Filesystem": "rootfs",
            "Mounted": "/",
            "Use%": "59%",
            "Used": 145679860
        },
        {
            "1K-blocks": 247823356,
            "Available": 102143496,
            "Filesystem": "none",
            "Mounted": "/dev",
            "Use%": "59%",
            "Used": 145679860
        },
        {
            "1K-blocks": 247823356,
            "Available": 102143496,
            "Filesystem": "none",
            "Mounted": "/run",
            "Use%": "59%",
            "Used": 145679860
        },
        {
            "1K-blocks": 247823356,
            "Available": 102143496,
            "Filesystem": "none",
            "Mounted": "/run/lock",
            "Use%": "59%",
            "Used": 145679860
        },
        {
            "1K-blocks": 247823356,
            "Available": 102143496,
            "Filesystem": "none",
            "Mounted": "/run/shm",
            "Use%": "59%",
            "Used": 145679860
        },
        {
            "1K-blocks": 247823356,
            "Available": 102143496,
            "Filesystem": "none",
            "Mounted": "/run/user",
            "Use%": "59%",
            "Used": 145679860
        },
        {
            "1K-blocks": 247823356,
            "Available": 102143496,
            "Filesystem": "tmpfs",
            "Mounted": "/sys/fs/cgroup",
            "Use%": "59%",
            "Used": 145679860
        },
        {
            "1K-blocks": 247823356,
            "Available": 102143496,
            "Filesystem": "C:\\",
            "Mounted": "/mnt/c",
            "Use%": "59%",
            "Used": 145679860
        }
    ]
}

PLAY RECAP ****************************************************************************************************************************************************************************************************
localhost                  : ok=12   changed=1    unreachable=0    failed=0    skipped=0    rescued=0    ignored=0   

